<?xml version="1.0" encoding="UTF-8"?>
<testng-results ignored="0" total="2" passed="2" failed="0" skipped="0">
  <reporter-output>
  </reporter-output>
  <suite started-at="2020-07-28T17:12:36 IST" name="Surefire suite" finished-at="2020-07-28T17:12:36 IST" duration-ms="72">
    <groups>
    </groups>
    <test started-at="2020-07-28T17:12:36 IST" name="Surefire test" finished-at="2020-07-28T17:12:36 IST" duration-ms="72">
      <class name="qaclickacademy.SeleniumTest">
        <test-method signature="ElementsUI()" started-at="2020-07-28T17:12:36 IST" name="ElementsUI" finished-at="2020-07-28T17:12:36 IST" duration-ms="11" status="PASS">
          <reporter-output>
          </reporter-output>
        </test-method> <!-- ElementsUI -->
        <test-method signature="BrowserAutomation()" started-at="2020-07-28T17:12:36 IST" name="BrowserAutomation" finished-at="2020-07-28T17:12:36 IST" duration-ms="11" status="PASS">
          <reporter-output>
          </reporter-output>
        </test-method> <!-- BrowserAutomation -->
      </class> <!-- qaclickacademy.SeleniumTest -->
    </test> <!-- Surefire test -->
  </suite> <!-- Surefire suite -->
</testng-results>
