<?xml version="1.0" encoding="UTF-8"?>
<!-- Generated by org.testng.reporters.JUnitXMLReporter -->
<testsuite ignored="0" hostname="DESKTOP-FSB0VIH" failures="0" tests="3" name="Surefire test" time="0.07" errors="0" timestamp="2020-07-29T15:43:22 IST">
  <testcase classname="qaclickacademy.SeleniumTest" name="BrowserAutomation" time="0.007"/>
  <testcase classname="qaclickacademy.SeleniumTest" name="ElementsUI" time="0.0"/>
  <testcase classname="qaclickacademy.SeleniumTest" name="ElementsUI2" time="0.001"/>
</testsuite> <!-- Surefire test -->
