<?xml version="1.0" encoding="UTF-8"?>
<!-- Generated by org.testng.reporters.JUnitXMLReporter -->
<testsuite ignored="0" hostname="DESKTOP-FSB0VIH" failures="0" tests="7" name="Test" time="0.516" errors="0" timestamp="2020-07-29T12:41:02 IST">
  <testcase classname="qaclickacademy.AppiumTest" name="IOSApps" time="0.132"/>
  <testcase classname="qaclickacademy.AppiumTest" name="NativeAPPAndroid" time="0.003"/>
  <testcase classname="qaclickacademy.SeleniumTest" name="BrowserAutomation" time="0.004"/>
  <testcase classname="qaclickacademy.SeleniumTest" name="ElementsUI" time="0.005"/>
  <testcase classname="qaclickacademy.SeleniumTest" name="ElementsUI2" time="0.007"/>
  <testcase classname="qaclickacademy.RESTAPITest" name="DeleteTwitter" time="0.003"/>
  <testcase classname="qaclickacademy.RESTAPITest" name="PostJira" time="0.003"/>
</testsuite> <!-- Test -->
