<?xml version="1.0" encoding="UTF-8"?>
<testng-results ignored="0" total="5" passed="5" failed="0" skipped="0">
  <reporter-output>
  </reporter-output>
  <suite started-at="2020-07-29T17:58:04 IST" name="Suite" finished-at="2020-07-29T17:58:04 IST" duration-ms="77">
    <groups>
    </groups>
    <test started-at="2020-07-29T17:58:04 IST" name="Test" finished-at="2020-07-29T17:58:04 IST" duration-ms="77">
      <class name="qaclickacademy.AppiumTest">
        <test-method signature="IOSApps()[pri:0, instance:qaclickacademy.AppiumTest@258e2e41]" started-at="2020-07-29T17:58:04 IST" name="IOSApps" finished-at="2020-07-29T17:58:04 IST" duration-ms="5" status="PASS">
          <reporter-output>
          </reporter-output>
        </test-method> <!-- IOSApps -->
        <test-method signature="NativeAPPAndroid()[pri:0, instance:qaclickacademy.AppiumTest@258e2e41]" started-at="2020-07-29T17:58:04 IST" name="NativeAPPAndroid" finished-at="2020-07-29T17:58:04 IST" duration-ms="0" status="PASS">
          <reporter-output>
          </reporter-output>
        </test-method> <!-- NativeAPPAndroid -->
      </class> <!-- qaclickacademy.AppiumTest -->
      <class name="qaclickacademy.SeleniumTest">
        <test-method signature="BrowserAutomation()[pri:0, instance:qaclickacademy.SeleniumTest@3d299e3]" started-at="2020-07-29T17:58:04 IST" name="BrowserAutomation" finished-at="2020-07-29T17:58:04 IST" duration-ms="0" status="PASS">
          <reporter-output>
          </reporter-output>
        </test-method> <!-- BrowserAutomation -->
        <test-method signature="ElementsUI()[pri:0, instance:qaclickacademy.SeleniumTest@3d299e3]" started-at="2020-07-29T17:58:04 IST" name="ElementsUI" finished-at="2020-07-29T17:58:04 IST" duration-ms="0" status="PASS">
          <reporter-output>
          </reporter-output>
        </test-method> <!-- ElementsUI -->
        <test-method signature="ElementsUI2()[pri:0, instance:qaclickacademy.SeleniumTest@3d299e3]" started-at="2020-07-29T17:58:04 IST" name="ElementsUI2" finished-at="2020-07-29T17:58:04 IST" duration-ms="0" status="PASS">
          <reporter-output>
          </reporter-output>
        </test-method> <!-- ElementsUI2 -->
      </class> <!-- qaclickacademy.SeleniumTest -->
    </test> <!-- Test -->
  </suite> <!-- Suite -->
</testng-results>
