<?xml version="1.0" encoding="UTF-8"?>
<testng-results ignored="0" total="7" passed="7" failed="0" skipped="0">
  <reporter-output>
  </reporter-output>
  <suite started-at="2020-07-29T12:41:01 IST" name="Suite" finished-at="2020-07-29T12:41:01 IST" duration-ms="516">
    <groups>
    </groups>
    <test started-at="2020-07-29T12:41:01 IST" name="Test" finished-at="2020-07-29T12:41:01 IST" duration-ms="516">
      <class name="qaclickacademy.AppiumTest">
        <test-method signature="IOSApps()[pri:0, instance:qaclickacademy.AppiumTest@d4342c2]" started-at="2020-07-29T12:41:01 IST" name="IOSApps" finished-at="2020-07-29T12:41:01 IST" duration-ms="132" status="PASS">
          <reporter-output>
          </reporter-output>
        </test-method> <!-- IOSApps -->
        <test-method signature="NativeAPPAndroid()[pri:0, instance:qaclickacademy.AppiumTest@d4342c2]" started-at="2020-07-29T12:41:01 IST" name="NativeAPPAndroid" finished-at="2020-07-29T12:41:01 IST" duration-ms="3" status="PASS">
          <reporter-output>
          </reporter-output>
        </test-method> <!-- NativeAPPAndroid -->
      </class> <!-- qaclickacademy.AppiumTest -->
      <class name="qaclickacademy.RESTAPITest">
        <test-method signature="DeleteTwitter()[pri:0, instance:qaclickacademy.RESTAPITest@163e4e87]" started-at="2020-07-29T12:41:01 IST" name="DeleteTwitter" finished-at="2020-07-29T12:41:01 IST" duration-ms="3" status="PASS">
          <reporter-output>
          </reporter-output>
        </test-method> <!-- DeleteTwitter -->
        <test-method signature="PostJira()[pri:0, instance:qaclickacademy.RESTAPITest@163e4e87]" started-at="2020-07-29T12:41:01 IST" name="PostJira" finished-at="2020-07-29T12:41:01 IST" duration-ms="3" status="PASS">
          <reporter-output>
          </reporter-output>
        </test-method> <!-- PostJira -->
      </class> <!-- qaclickacademy.RESTAPITest -->
      <class name="qaclickacademy.SeleniumTest">
        <test-method signature="BrowserAutomation()[pri:0, instance:qaclickacademy.SeleniumTest@2bbf180e]" started-at="2020-07-29T12:41:01 IST" name="BrowserAutomation" finished-at="2020-07-29T12:41:01 IST" duration-ms="4" status="PASS">
          <reporter-output>
          </reporter-output>
        </test-method> <!-- BrowserAutomation -->
        <test-method signature="ElementsUI()[pri:0, instance:qaclickacademy.SeleniumTest@2bbf180e]" started-at="2020-07-29T12:41:01 IST" name="ElementsUI" finished-at="2020-07-29T12:41:01 IST" duration-ms="5" status="PASS">
          <reporter-output>
          </reporter-output>
        </test-method> <!-- ElementsUI -->
        <test-method signature="ElementsUI2()[pri:0, instance:qaclickacademy.SeleniumTest@2bbf180e]" started-at="2020-07-29T12:41:01 IST" name="ElementsUI2" finished-at="2020-07-29T12:41:01 IST" duration-ms="7" status="PASS">
          <reporter-output>
          </reporter-output>
        </test-method> <!-- ElementsUI2 -->
      </class> <!-- qaclickacademy.SeleniumTest -->
    </test> <!-- Test -->
  </suite> <!-- Suite -->
</testng-results>
