<?xml version="1.0" encoding="UTF-8"?>
<!-- Generated by org.testng.reporters.JUnitXMLReporter -->
<testsuite ignored="0" hostname="DESKTOP-FSB0VIH" failures="0" tests="2" name="Surefire test" time="0.072" errors="0" timestamp="2020-07-28T17:12:36 IST">
  <testcase classname="qaclickacademy.SeleniumTest" name="ElementsUI on ElementsUI(qaclickacademy.SeleniumTest)" time="0.011"/>
  <testcase classname="qaclickacademy.SeleniumTest" name="BrowserAutomation on BrowserAutomation(qaclickacademy.SeleniumTest)" time="0.011"/>
</testsuite> <!-- Surefire test -->
